<?xml version="1.0" encoding="UTF-8"?>
<!-- Generated by org.testng.reporters.JUnitReportReporter -->
<testsuite hostname="DESKTOP-1RI16MJ" failures="0" tests="1" name="tests.ExampleTest" time="15.725" errors="0" timestamp="2020-04-21T15:18:49 EDT" skipped="0">
  <testcase classname="tests.ExampleTest" name="selectDisplayAndStartScript" time="15.725"/>
  <system-out/>
</testsuite> <!-- tests.ExampleTest -->
